<?xml version="1.0" encoding="UTF-8"?>
<coverage generated="1709759456788" clover="3.2.0">
  <project timestamp="1709759456788" name="All files">
    <metrics statements="43" coveredstatements="43" conditionals="30" coveredconditionals="30" methods="20" coveredmethods="20" elements="93" coveredelements="93" complexity="0" loc="43" ncloc="43" packages="1" files="1" classes="1"/>
    <file name="TicTacToe.ts" path="/Users/rjthompson/git/tictactoe-game/packages/game/src/TicTacToe.ts">
      <metrics statements="43" coveredstatements="43" conditionals="30" coveredconditionals="30" methods="20" coveredmethods="20"/>
      <line num="9" count="1" type="stmt"/>
      <line num="14" count="14" type="cond" truecount="2" falsecount="0"/>
      <line num="19" count="14" type="cond" truecount="4" falsecount="0"/>
      <line num="23" count="5" type="stmt"/>
      <line num="27" count="27" type="stmt"/>
      <line num="31" count="30" type="cond" truecount="1" falsecount="0"/>
      <line num="32" count="29" type="stmt"/>
      <line num="33" count="29" type="stmt"/>
      <line num="35" count="29" type="cond" truecount="1" falsecount="0"/>
      <line num="36" count="27" type="stmt"/>
      <line num="39" count="29" type="stmt"/>
      <line num="43" count="1" type="stmt"/>
      <line num="47" count="1" type="cond" truecount="2" falsecount="0"/>
      <line num="52" count="1" type="stmt"/>
      <line num="56" count="4" type="cond" truecount="3" falsecount="0"/>
      <line num="57" count="4" type="cond" truecount="3" falsecount="0"/>
      <line num="58" count="4" type="stmt"/>
      <line num="60" count="4" type="cond" truecount="4" falsecount="0"/>
      <line num="61" count="2" type="stmt"/>
      <line num="64" count="2" type="cond" truecount="1" falsecount="0"/>
      <line num="65" count="1" type="stmt"/>
      <line num="68" count="1" type="stmt"/>
      <line num="73" count="30" type="stmt"/>
      <line num="77" count="27" type="cond" truecount="2" falsecount="0"/>
      <line num="81" count="29" type="stmt"/>
      <line num="82" count="29" type="stmt"/>
      <line num="83" count="29" type="stmt"/>
      <line num="84" count="29" type="stmt"/>
      <line num="86" count="29" type="cond" truecount="4" falsecount="0"/>
      <line num="87" count="2" type="stmt"/>
      <line num="91" count="27" type="cond" truecount="1" falsecount="0"/>
      <line num="92" count="1" type="stmt"/>
      <line num="96" count="26" type="stmt"/>
      <line num="100" count="40" type="stmt"/>
      <line num="101" count="64" type="stmt"/>
      <line num="105" count="41" type="stmt"/>
      <line num="106" count="68" type="stmt"/>
      <line num="110" count="33" type="stmt"/>
      <line num="111" count="52" type="stmt"/>
      <line num="112" count="39" type="stmt"/>
      <line num="114" count="33" type="cond" truecount="2" falsecount="0"/>
      <line num="118" count="99" type="stmt"/>
      <line num="122" count="1" type="stmt"/>
    </file>
  </project>
</coverage>
