{"/Users/rjthompson/git/tictactoe-game/packages/game/src/TicTacToe.ts": {"path":"/Users/rjthompson/git/tictactoe-game/packages/game/src/TicTacToe.ts","statementMap":{"0":{"start":{"line":14,"column":4},"end":{"line":18,"column":6}},"1":{"start":{"line":19,"column":4},"end":{"line":19,"column":46}},"2":{"start":{"line":23,"column":4},"end":{"line":23,"column":30}},"3":{"start":{"line":27,"column":4},"end":{"line":27,"column":47}},"4":{"start":{"line":27,"column":37},"end":{"line":27,"column":45}},"5":{"start":{"line":31,"column":4},"end":{"line":40,"column":5}},"6":{"start":{"line":32,"column":6},"end":{"line":32,"column":52}},"7":{"start":{"line":33,"column":21},"end":{"line":33,"column":51}},"8":{"start":{"line":35,"column":6},"end":{"line":37,"column":7}},"9":{"start":{"line":36,"column":8},"end":{"line":36,"column":28}},"10":{"start":{"line":39,"column":6},"end":{"line":39,"column":20}},"11":{"start":{"line":43,"column":4},"end":{"line":43,"column":46}},"12":{"start":{"line":47,"column":4},"end":{"line":51,"column":6}},"13":{"start":{"line":52,"column":4},"end":{"line":52,"column":29}},"14":{"start":{"line":56,"column":21},"end":{"line":56,"column":77}},"15":{"start":{"line":57,"column":21},"end":{"line":57,"column":86}},"16":{"start":{"line":58,"column":26},"end":{"line":58,"column":46}},"17":{"start":{"line":60,"column":4},"end":{"line":62,"column":5}},"18":{"start":{"line":61,"column":6},"end":{"line":61,"column":57}},"19":{"start":{"line":64,"column":4},"end":{"line":66,"column":5}},"20":{"start":{"line":65,"column":6},"end":{"line":65,"column":47}},"21":{"start":{"line":68,"column":4},"end":{"line":68,"column":46}},"22":{"start":{"line":73,"column":4},"end":{"line":73,"column":45}},"23":{"start":{"line":77,"column":4},"end":{"line":77,"column":64}},"24":{"start":{"line":81,"column":19},"end":{"line":81,"column":37}},"25":{"start":{"line":82,"column":21},"end":{"line":82,"column":39}},"26":{"start":{"line":83,"column":24},"end":{"line":83,"column":45}},"27":{"start":{"line":84,"column":26},"end":{"line":84,"column":46}},"28":{"start":{"line":86,"column":4},"end":{"line":88,"column":5}},"29":{"start":{"line":87,"column":6},"end":{"line":87,"column":45}},"30":{"start":{"line":91,"column":4},"end":{"line":93,"column":5}},"31":{"start":{"line":92,"column":6},"end":{"line":92,"column":47}},"32":{"start":{"line":96,"column":4},"end":{"line":96,"column":46}},"33":{"start":{"line":100,"column":19},"end":{"line":100,"column":37}},"34":{"start":{"line":101,"column":4},"end":{"line":101,"column":62}},"35":{"start":{"line":101,"column":45},"end":{"line":101,"column":60}},"36":{"start":{"line":105,"column":19},"end":{"line":105,"column":37}},"37":{"start":{"line":106,"column":4},"end":{"line":106,"column":60}},"38":{"start":{"line":106,"column":39},"end":{"line":106,"column":58}},"39":{"start":{"line":110,"column":19},"end":{"line":110,"column":37}},"40":{"start":{"line":111,"column":22},"end":{"line":111,"column":81}},"41":{"start":{"line":111,"column":59},"end":{"line":111,"column":80}},"42":{"start":{"line":112,"column":22},"end":{"line":112,"column":109}},"43":{"start":{"line":112,"column":59},"end":{"line":112,"column":108}},"44":{"start":{"line":114,"column":4},"end":{"line":114,"column":34}},"45":{"start":{"line":118,"column":4},"end":{"line":118,"column":73}},"46":{"start":{"line":118,"column":39},"end":{"line":118,"column":71}},"47":{"start":{"line":118,"column":57},"end":{"line":118,"column":70}},"48":{"start":{"line":9,"column":0},"end":{"line":9,"column":13}},"49":{"start":{"line":122,"column":0},"end":{"line":122,"column":25}}},"fnMap":{"0":{"name":"(anonymous_0)","decl":{"start":{"line":13,"column":2},"end":{"line":13,"column":14}},"loc":{"start":{"line":13,"column":70},"end":{"line":20,"column":3}}},"1":{"name":"(anonymous_1)","decl":{"start":{"line":22,"column":9},"end":{"line":22,"column":25}},"loc":{"start":{"line":22,"column":25},"end":{"line":24,"column":3}}},"2":{"name":"(anonymous_2)","decl":{"start":{"line":26,"column":9},"end":{"line":26,"column":21}},"loc":{"start":{"line":26,"column":21},"end":{"line":28,"column":3}}},"3":{"name":"(anonymous_3)","decl":{"start":{"line":27,"column":30},"end":{"line":27,"column":33}},"loc":{"start":{"line":27,"column":37},"end":{"line":27,"column":45}}},"4":{"name":"(anonymous_4)","decl":{"start":{"line":30,"column":9},"end":{"line":30,"column":17}},"loc":{"start":{"line":30,"column":42},"end":{"line":44,"column":3}}},"5":{"name":"(anonymous_5)","decl":{"start":{"line":46,"column":9},"end":{"line":46,"column":18}},"loc":{"start":{"line":46,"column":47},"end":{"line":53,"column":3}}},"6":{"name":"(anonymous_6)","decl":{"start":{"line":55,"column":9},"end":{"line":55,"column":22}},"loc":{"start":{"line":55,"column":22},"end":{"line":69,"column":3}}},"7":{"name":"(anonymous_7)","decl":{"start":{"line":71,"column":10},"end":{"line":71,"column":21}},"loc":{"start":{"line":71,"column":46},"end":{"line":74,"column":3}}},"8":{"name":"(anonymous_8)","decl":{"start":{"line":76,"column":10},"end":{"line":76,"column":22}},"loc":{"start":{"line":76,"column":22},"end":{"line":78,"column":3}}},"9":{"name":"(anonymous_9)","decl":{"start":{"line":80,"column":10},"end":{"line":80,"column":25}},"loc":{"start":{"line":80,"column":50},"end":{"line":97,"column":3}}},"10":{"name":"(anonymous_10)","decl":{"start":{"line":99,"column":10},"end":{"line":99,"column":18}},"loc":{"start":{"line":99,"column":30},"end":{"line":102,"column":3}}},"11":{"name":"(anonymous_11)","decl":{"start":{"line":101,"column":37},"end":{"line":101,"column":41}},"loc":{"start":{"line":101,"column":45},"end":{"line":101,"column":60}}},"12":{"name":"(anonymous_12)","decl":{"start":{"line":104,"column":10},"end":{"line":104,"column":21}},"loc":{"start":{"line":104,"column":33},"end":{"line":107,"column":3}}},"13":{"name":"(anonymous_13)","decl":{"start":{"line":106,"column":32},"end":{"line":106,"column":35}},"loc":{"start":{"line":106,"column":39},"end":{"line":106,"column":58}}},"14":{"name":"(anonymous_14)","decl":{"start":{"line":109,"column":10},"end":{"line":109,"column":23}},"loc":{"start":{"line":109,"column":23},"end":{"line":115,"column":3}}},"15":{"name":"(anonymous_15)","decl":{"start":{"line":111,"column":43},"end":{"line":111,"column":44}},"loc":{"start":{"line":111,"column":59},"end":{"line":111,"column":80}}},"16":{"name":"(anonymous_16)","decl":{"start":{"line":112,"column":43},"end":{"line":112,"column":44}},"loc":{"start":{"line":112,"column":59},"end":{"line":112,"column":108}}},"17":{"name":"(anonymous_17)","decl":{"start":{"line":117,"column":10},"end":{"line":117,"column":20}},"loc":{"start":{"line":117,"column":20},"end":{"line":119,"column":3}}},"18":{"name":"(anonymous_18)","decl":{"start":{"line":118,"column":32},"end":{"line":118,"column":35}},"loc":{"start":{"line":118,"column":39},"end":{"line":118,"column":71}}},"19":{"name":"(anonymous_19)","decl":{"start":{"line":118,"column":49},"end":{"line":118,"column":53}},"loc":{"start":{"line":118,"column":57},"end":{"line":118,"column":70}}}},"branchMap":{"0":{"loc":{"start":{"line":14,"column":21},"end":{"line":18,"column":6}},"type":"binary-expr","locations":[{"start":{"line":14,"column":21},"end":{"line":14,"column":33}},{"start":{"line":14,"column":37},"end":{"line":18,"column":6}}]},"1":{"loc":{"start":{"line":19,"column":25},"end":{"line":19,"column":45}},"type":"cond-expr","locations":[{"start":{"line":19,"column":25},"end":{"line":19,"column":38}},{"start":{"line":19,"column":42},"end":{"line":19,"column":45}}]},"2":{"loc":{"start":{"line":19,"column":25},"end":{"line":19,"column":42}},"type":"binary-expr","locations":[{"start":{"line":19,"column":25},"end":{"line":19,"column":42}},{"start":{"line":19,"column":25},"end":{"line":19,"column":42}}]},"3":{"loc":{"start":{"line":31,"column":4},"end":{"line":40,"column":5}},"type":"if","locations":[{"start":{"line":31,"column":4},"end":{"line":40,"column":5}}]},"4":{"loc":{"start":{"line":35,"column":6},"end":{"line":37,"column":7}},"type":"if","locations":[{"start":{"line":35,"column":6},"end":{"line":37,"column":7}}]},"5":{"loc":{"start":{"line":47,"column":21},"end":{"line":51,"column":6}},"type":"binary-expr","locations":[{"start":{"line":47,"column":21},"end":{"line":47,"column":33}},{"start":{"line":47,"column":37},"end":{"line":51,"column":6}}]},"6":{"loc":{"start":{"line":56,"column":21},"end":{"line":56,"column":77}},"type":"binary-expr","locations":[{"start":{"line":56,"column":21},"end":{"line":56,"column":37}},{"start":{"line":56,"column":41},"end":{"line":56,"column":57}},{"start":{"line":56,"column":61},"end":{"line":56,"column":77}}]},"7":{"loc":{"start":{"line":57,"column":21},"end":{"line":57,"column":86}},"type":"binary-expr","locations":[{"start":{"line":57,"column":21},"end":{"line":57,"column":40}},{"start":{"line":57,"column":44},"end":{"line":57,"column":63}},{"start":{"line":57,"column":67},"end":{"line":57,"column":86}}]},"8":{"loc":{"start":{"line":60,"column":4},"end":{"line":62,"column":5}},"type":"if","locations":[{"start":{"line":60,"column":4},"end":{"line":62,"column":5}}]},"9":{"loc":{"start":{"line":60,"column":8},"end":{"line":60,"column":45}},"type":"binary-expr","locations":[{"start":{"line":60,"column":8},"end":{"line":60,"column":16}},{"start":{"line":60,"column":20},"end":{"line":60,"column":28}},{"start":{"line":60,"column":32},"end":{"line":60,"column":45}}]},"10":{"loc":{"start":{"line":64,"column":4},"end":{"line":66,"column":5}},"type":"if","locations":[{"start":{"line":64,"column":4},"end":{"line":66,"column":5}}]},"11":{"loc":{"start":{"line":77,"column":25},"end":{"line":77,"column":63}},"type":"cond-expr","locations":[{"start":{"line":77,"column":54},"end":{"line":77,"column":57}},{"start":{"line":77,"column":60},"end":{"line":77,"column":63}}]},"12":{"loc":{"start":{"line":86,"column":4},"end":{"line":88,"column":5}},"type":"if","locations":[{"start":{"line":86,"column":4},"end":{"line":88,"column":5}}]},"13":{"loc":{"start":{"line":86,"column":8},"end":{"line":86,"column":48}},"type":"binary-expr","locations":[{"start":{"line":86,"column":8},"end":{"line":86,"column":16}},{"start":{"line":86,"column":20},"end":{"line":86,"column":31}},{"start":{"line":86,"column":35},"end":{"line":86,"column":48}}]},"14":{"loc":{"start":{"line":91,"column":4},"end":{"line":93,"column":5}},"type":"if","locations":[{"start":{"line":91,"column":4},"end":{"line":93,"column":5}}]},"15":{"loc":{"start":{"line":114,"column":11},"end":{"line":114,"column":33}},"type":"binary-expr","locations":[{"start":{"line":114,"column":11},"end":{"line":114,"column":20}},{"start":{"line":114,"column":24},"end":{"line":114,"column":33}}]}},"s":{"0":14,"1":14,"2":5,"3":9,"4":27,"5":30,"6":29,"7":29,"8":29,"9":27,"10":29,"11":1,"12":1,"13":1,"14":4,"15":4,"16":4,"17":4,"18":2,"19":2,"20":1,"21":1,"22":30,"23":27,"24":29,"25":29,"26":29,"27":29,"28":29,"29":2,"30":27,"31":1,"32":26,"33":40,"34":40,"35":64,"36":41,"37":41,"38":68,"39":33,"40":33,"41":52,"42":33,"43":39,"44":33,"45":29,"46":43,"47":99,"48":1,"49":1},"f":{"0":14,"1":5,"2":9,"3":27,"4":30,"5":1,"6":4,"7":30,"8":27,"9":29,"10":40,"11":64,"12":41,"13":68,"14":33,"15":52,"16":39,"17":29,"18":43,"19":99},"b":{"0":[14,13],"1":[1,13],"2":[14,14],"3":[29],"4":[27],"5":[1,1],"6":[4,4,3],"7":[4,4,4],"8":[2],"9":[4,3,3],"10":[1],"11":[16,11],"12":[2],"13":[29,28,28],"14":[1],"15":[33,31]}}
}
