TN:
SF:src/TicTacToe.ts
FN:13,(anonymous_0)
FN:22,(anonymous_1)
FN:26,(anonymous_2)
FN:27,(anonymous_3)
FN:30,(anonymous_4)
FN:46,(anonymous_5)
FN:55,(anonymous_6)
FN:71,(anonymous_7)
FN:76,(anonymous_8)
FN:80,(anonymous_9)
FN:99,(anonymous_10)
FN:101,(anonymous_11)
FN:104,(anonymous_12)
FN:106,(anonymous_13)
FN:109,(anonymous_14)
FN:111,(anonymous_15)
FN:112,(anonymous_16)
FN:117,(anonymous_17)
FN:118,(anonymous_18)
FN:118,(anonymous_19)
FNF:20
FNH:20
FNDA:14,(anonymous_0)
FNDA:5,(anonymous_1)
FNDA:9,(anonymous_2)
FNDA:27,(anonymous_3)
FNDA:30,(anonymous_4)
FNDA:1,(anonymous_5)
FNDA:4,(anonymous_6)
FNDA:30,(anonymous_7)
FNDA:27,(anonymous_8)
FNDA:29,(anonymous_9)
FNDA:40,(anonymous_10)
FNDA:64,(anonymous_11)
FNDA:41,(anonymous_12)
FNDA:68,(anonymous_13)
FNDA:33,(anonymous_14)
FNDA:52,(anonymous_15)
FNDA:39,(anonymous_16)
FNDA:29,(anonymous_17)
FNDA:43,(anonymous_18)
FNDA:99,(anonymous_19)
DA:9,1
DA:14,14
DA:19,14
DA:23,5
DA:27,27
DA:31,30
DA:32,29
DA:33,29
DA:35,29
DA:36,27
DA:39,29
DA:43,1
DA:47,1
DA:52,1
DA:56,4
DA:57,4
DA:58,4
DA:60,4
DA:61,2
DA:64,2
DA:65,1
DA:68,1
DA:73,30
DA:77,27
DA:81,29
DA:82,29
DA:83,29
DA:84,29
DA:86,29
DA:87,2
DA:91,27
DA:92,1
DA:96,26
DA:100,40
DA:101,64
DA:105,41
DA:106,68
DA:110,33
DA:111,52
DA:112,39
DA:114,33
DA:118,99
DA:122,1
LF:43
LH:43
BRDA:14,0,0,14
BRDA:14,0,1,13
BRDA:19,1,0,1
BRDA:19,1,1,13
BRDA:19,2,0,14
BRDA:19,2,1,14
BRDA:31,3,0,29
BRDA:35,4,0,27
BRDA:47,5,0,1
BRDA:47,5,1,1
BRDA:56,6,0,4
BRDA:56,6,1,4
BRDA:56,6,2,3
BRDA:57,7,0,4
BRDA:57,7,1,4
BRDA:57,7,2,4
BRDA:60,8,0,2
BRDA:60,9,0,4
BRDA:60,9,1,3
BRDA:60,9,2,3
BRDA:64,10,0,1
BRDA:77,11,0,16
BRDA:77,11,1,11
BRDA:86,12,0,2
BRDA:86,13,0,29
BRDA:86,13,1,28
BRDA:86,13,2,28
BRDA:91,14,0,1
BRDA:114,15,0,33
BRDA:114,15,1,31
BRF:30
BRH:30
end_of_record
